<?xml version="1.0" encoding="UTF-8"?>
<!-- Generated by org.testng.reporters.JUnitXMLReporter -->
<testsuite ignored="0" hostname="Deeps" failures="1" tests="22" name="TutorialsNinja Functional Tests" time="113.782" errors="0" timestamp="2026-04-21T14:13:50 IST">
  <testcase classname="com.srm.ninjashop.tests.ProductTests" name="verifyEmptySearchShowsNoResultsMessage" time="1.44"/>
  <testcase classname="com.srm.ninjashop.tests.ProductTests" name="verifyProductDetailsShowNameAndPrice" time="1.529"/>
  <testcase classname="com.srm.ninjashop.tests.AuthenticationTests" name="verifyLoginScenarios" time="9.813"/>
  <testcase classname="com.srm.ninjashop.tests.ProductTests" name="verifySearchDisplaysResults" time="1.167"/>
  <testcase classname="com.srm.ninjashop.tests.ProductTests" name="verifyTopCategoryDisplaysProducts" time="0.227"/>
  <testcase classname="com.srm.ninjashop.tests.CartTests" name="verifyCartQuantityUpdateChangesLineTotal" time="3.609"/>
  <testcase classname="com.srm.ninjashop.tests.AuthenticationTests" name="verifyLoginScenarios" time="7.394"/>
  <testcase classname="com.srm.ninjashop.tests.CartTests" name="verifyHeaderCartCountReflectsAddedItems" time="2.154"/>
  <testcase classname="com.srm.ninjashop.tests.AuthenticationTests" name="verifyLoginScenarios" time="6.586"/>
  <testcase classname="com.srm.ninjashop.tests.AuthenticationTests" name="verifyLoginScenarios" time="4.916"/>
  <testcase classname="com.srm.ninjashop.tests.AuthenticationTests" name="verifyLoginScenarios" time="5.513"/>
  <testcase classname="com.srm.ninjashop.tests.CartTests" name="verifyProductCanBeAddedToCart" time="22.599">
    <failure type="org.openqa.selenium.TimeoutException" message="Expected condition failed: waiting for visibility of element located by By.cssSelector: .table-responsive tbody tr td:nth-child(2) a (tried for 20 second(s) with 500 milliseconds interval)
Build info: version: &amp;apos;4.21.0&amp;apos;, revision: &amp;apos;79ed462ef4&amp;apos;
System info: os.name: &amp;apos;Windows 11&amp;apos;, os.arch: &amp;apos;amd64&amp;apos;, os.version: &amp;apos;10.0&amp;apos;, java.version: &amp;apos;17.0.12&amp;apos;
Driver info: org.openqa.selenium.chrome.ChromeDriver
Capabilities {acceptInsecureCerts: false, browserName: chrome, browserVersion: 147.0.7727.57, chrome: {chromedriverVersion: 147.0.7727.57 (b4f28b5637d0..., userDataDir: C:\Users\Deepika\AppData\Lo...}, fedcm:accounts: true, goog:chromeOptions: {debuggerAddress: localhost:51908}, goog:processID: 31388, networkConnectionEnabled: false, pageLoadStrategy: normal, platformName: windows, proxy: Proxy(), se:cdp: ws://localhost:51908/devtoo..., se:cdpVersion: 147.0.7727.57, setWindowRect: true, strictFileInteractability: false, timeouts: {implicit: 0, pageLoad: 300000, script: 30000}, unhandledPromptBehavior: dismiss and notify, webauthn:extension:credBlob: true, webauthn:extension:largeBlob: true, webauthn:extension:minPinLength: true, webauthn:extension:prf: true, webauthn:virtualAuthenticators: true}
Session ID: 76fd1f79991b9714d54838adff0d9e15">
      <![CDATA[org.openqa.selenium.TimeoutException: Expected condition failed: waiting for visibility of element located by By.cssSelector: .table-responsive tbody tr td:nth-child(2) a (tried for 20 second(s) with 500 milliseconds interval)
Build info: version: '4.21.0', revision: '79ed462ef4'
System info: os.name: 'Windows 11', os.arch: 'amd64', os.version: '10.0', java.version: '17.0.12'
Driver info: org.openqa.selenium.chrome.ChromeDriver
Capabilities {acceptInsecureCerts: false, browserName: chrome, browserVersion: 147.0.7727.57, chrome: {chromedriverVersion: 147.0.7727.57 (b4f28b5637d0..., userDataDir: C:\Users\Deepika\AppData\Lo...}, fedcm:accounts: true, goog:chromeOptions: {debuggerAddress: localhost:51908}, goog:processID: 31388, networkConnectionEnabled: false, pageLoadStrategy: normal, platformName: windows, proxy: Proxy(), se:cdp: ws://localhost:51908/devtoo..., se:cdpVersion: 147.0.7727.57, setWindowRect: true, strictFileInteractability: false, timeouts: {implicit: 0, pageLoad: 300000, script: 30000}, unhandledPromptBehavior: dismiss and notify, webauthn:extension:credBlob: true, webauthn:extension:largeBlob: true, webauthn:extension:minPinLength: true, webauthn:extension:prf: true, webauthn:virtualAuthenticators: true}
Session ID: 76fd1f79991b9714d54838adff0d9e15
at org.openqa.selenium.support.ui.WebDriverWait.timeoutException(WebDriverWait.java:84)
at org.openqa.selenium.support.ui.FluentWait.until(FluentWait.java:228)
at com.srm.ninjashop.pages.BasePage.waitForVisibility(BasePage.java:26)
at com.srm.ninjashop.pages.BasePage.getText(BasePage.java:54)
at com.srm.ninjashop.pages.CartPage.getFirstProductName(CartPage.java:26)
at com.srm.ninjashop.tests.CartTests.verifyProductCanBeAddedToCart(CartTests.java:21)
at java.base/java.util.concurrent.Executors$RunnableAdapter.call(Executors.java:539)
at java.base/java.util.concurrent.FutureTask.run(FutureTask.java:264)
at java.base/java.util.concurrent.ThreadPoolExecutor.runWorker(ThreadPoolExecutor.java:1136)
at java.base/java.util.concurrent.ThreadPoolExecutor$Worker.run(ThreadPoolExecutor.java:635)
at java.base/java.lang.Thread.run(Thread.java:842)
... Removed 13 stack frames]]>
    </failure>
  </testcase> <!-- verifyProductCanBeAddedToCart -->
  <testcase classname="com.srm.ninjashop.tests.AuthenticationTests" name="verifyLoginScenarios" time="6.415"/>
  <testcase classname="com.srm.ninjashop.tests.CartTests" name="verifyProductCanBeRemovedFromCart" time="3.504"/>
  <testcase classname="com.srm.ninjashop.tests.CheckoutTests" name="verifyCheckoutWithoutLoginShowsStockBlock" time="3.205"/>
  <testcase classname="com.srm.ninjashop.tests.AuthenticationTests" name="verifyLoginScenarios" time="7.168"/>
  <testcase classname="com.srm.ninjashop.tests.AuthenticationTests" name="verifyLoginScenarios" time="5.311"/>
  <testcase classname="com.srm.ninjashop.tests.CheckoutTests" name="verifyLoggedInCheckoutShowsStockBlock" time="7.458"/>
  <testcase classname="com.srm.ninjashop.tests.ValidationTests" name="verifyInvalidEmailFormatValidation" time="1.96"/>
  <testcase classname="com.srm.ninjashop.tests.ValidationTests" name="verifyRegistrationValidationMessagesForEmptyFields" time="2.867"/>
  <testcase classname="com.srm.ninjashop.tests.AuthenticationTests" name="verifyLogoutRedirectsToHomePage" time="29.077"/>
  <testcase classname="com.srm.ninjashop.tests.AuthenticationTests" name="verifyUserCanRegisterSuccessfully" time="2.84"/>
</testsuite> <!-- TutorialsNinja Functional Tests -->
