<?xml version="1.0" encoding="UTF-8"?>
<testng-results ignored="0" total="1" passed="1" failed="0" skipped="0">
  <reporter-output>
  </reporter-output>
  <suite started-at="2026-04-21T14:15:15 IST" name="Default suite" finished-at="2026-04-21T14:15:20 IST" duration-ms="5225">
    <groups>
    </groups>
    <test started-at="2026-04-21T14:15:15 IST" name="Default test" finished-at="2026-04-21T14:15:20 IST" duration-ms="5225">
      <class name="com.srm.ninjashop.tests.CartTests">
        <test-method is-config="true" signature="setUp()[pri:0, instance:com.srm.ninjashop.tests.CartTests@78691363]" started-at="2026-04-21T14:15:15 IST" name="setUp" finished-at="2026-04-21T14:15:18 IST" duration-ms="3028" status="PASS">
          <reporter-output>
          </reporter-output>
        </test-method> <!-- setUp -->
        <test-method signature="verifyProductCanBeAddedToCart()[pri:0, instance:com.srm.ninjashop.tests.CartTests@78691363]" started-at="2026-04-21T14:15:18 IST" name="verifyProductCanBeAddedToCart" description="Add a product to cart and verify it appears with the correct name and price" finished-at="2026-04-21T14:15:20 IST" duration-ms="1974" status="PASS">
          <reporter-output>
          </reporter-output>
        </test-method> <!-- verifyProductCanBeAddedToCart -->
        <test-method is-config="true" signature="tearDown()[pri:0, instance:com.srm.ninjashop.tests.CartTests@78691363]" started-at="2026-04-21T14:15:20 IST" name="tearDown" finished-at="2026-04-21T14:15:20 IST" duration-ms="178" status="PASS">
          <reporter-output>
          </reporter-output>
        </test-method> <!-- tearDown -->
      </class> <!-- com.srm.ninjashop.tests.CartTests -->
    </test> <!-- Default test -->
  </suite> <!-- Default suite -->
</testng-results>
