<?xml version="1.0" encoding="UTF-8"?>
<!-- Generated by org.testng.reporters.JUnitReportReporter -->
<testsuite hostname="Deeps" failures="0" tests="10" name="com.srm.ninjashop.tests.AuthenticationTests" time="113.219" errors="0" timestamp="2026-04-21T14:13:50 IST" skipped="0">
  <testcase classname="com.srm.ninjashop.tests.AuthenticationTests" name="verifyLoginScenarios" time="8.332"/>
  <testcase classname="com.srm.ninjashop.tests.AuthenticationTests" name="verifyLoginScenarios" time="9.611"/>
  <testcase classname="com.srm.ninjashop.tests.AuthenticationTests" name="verifyLoginScenarios" time="8.214"/>
  <testcase classname="com.srm.ninjashop.tests.AuthenticationTests" name="verifyLoginScenarios" time="7.258"/>
  <testcase classname="com.srm.ninjashop.tests.AuthenticationTests" name="verifyLoginScenarios" time="17.674"/>
  <testcase classname="com.srm.ninjashop.tests.AuthenticationTests" name="verifyLoginScenarios" time="6.919"/>
  <testcase classname="com.srm.ninjashop.tests.AuthenticationTests" name="verifyUserCanRegisterSuccessfully" time="4.944"/>
  <testcase classname="com.srm.ninjashop.tests.AuthenticationTests" name="verifyLoginScenarios" time="9.931"/>
  <testcase classname="com.srm.ninjashop.tests.AuthenticationTests" name="verifyLoginScenarios" time="8.950"/>
  <testcase classname="com.srm.ninjashop.tests.AuthenticationTests" name="verifyLogoutRedirectsToHomePage" time="31.386"/>
</testsuite> <!-- com.srm.ninjashop.tests.AuthenticationTests -->
