<?xml version="1.0" encoding="UTF-8"?>
<!-- Generated by org.testng.reporters.JUnitReportReporter -->
<testsuite hostname="Deeps" failures="0" tests="2" name="com.srm.ninjashop.tests.ValidationTests" time="9.920" errors="0" timestamp="2026-04-21T14:13:50 IST" skipped="0">
  <testcase classname="com.srm.ninjashop.tests.ValidationTests" name="verifyRegistrationValidationMessagesForEmptyFields" time="5.107"/>
  <testcase classname="com.srm.ninjashop.tests.ValidationTests" name="verifyInvalidEmailFormatValidation" time="4.813"/>
</testsuite> <!-- com.srm.ninjashop.tests.ValidationTests -->
